#
# There is insufficient memory for the Java Runtime Environment to continue.
# Native memory allocation (malloc) failed to allocate 1048576 bytes for AllocateHeap
# Possible reasons:
#   The system is out of physical RAM or swap space
#   The process is running with CompressedOops enabled, and the Java Heap may be blocking the growth of the native heap
# Possible solutions:
#   Reduce memory load on the system
#   Increase physical memory or swap space
#   Check if swap backing store is full
#   Decrease Java heap size (-Xmx/-Xms)
#   Decrease number of Java threads
#   Decrease Java thread stack sizes (-Xss)
#   Set larger code cache with -XX:ReservedCodeCacheSize=
#   JVM is running with Unscaled Compressed Oops mode in which the Java heap is
#     placed in the first 4GB address space. The Java Heap base address is the
#     maximum limit for the native heap growth. Please use -XX:HeapBaseMinAddress
#     to set the Java Heap base and to place the Java Heap above 4GB virtual address.
# This output file may be truncated or incomplete.
#
#  Out of Memory Error (memory/allocation.inline.hpp:61), pid=11576, tid=0x0000000000002ce8
#
# JRE version:  (8.0_271-b09) (build )
# Java VM: Java HotSpot(TM) 64-Bit Server VM (25.271-b09 mixed mode windows-amd64 compressed oops)
# Failed to write core dump. Minidumps are not enabled by default on client versions of Windows
#

---------------  T H R E A D  ---------------

Current thread (0x000001ab3745c000):  JavaThread "Unknown thread" [_thread_in_vm, id=11496, stack(0x0000008d3c600000,0x0000008d3c700000)]

Stack: [0x0000008d3c600000,0x0000008d3c700000]
Native frames: (J=compiled Java code, j=interpreted, Vv=VM code, C=native code)
V  [jvm.dll+0x33f6c9]
V  [jvm.dll+0x286122]
V  [jvm.dll+0x286dcd]
V  [jvm.dll+0x27d805]
V  [jvm.dll+0x1565d]
V  [jvm.dll+0x3da1f7]
V  [jvm.dll+0x3d6637]
V  [jvm.dll+0x10cfff]
V  [jvm.dll+0x21ab2b]
V  [jvm.dll+0x2494e7]
V  [jvm.dll+0x172a76]
C  [javaw.exe+0x2322]
C  [javaw.exe+0x16544]
C  [KERNEL32.DLL+0x17614]
C  [ntdll.dll+0x526f1]


---------------  P R O C E S S  ---------------

Java Threads: ( => current thread )

Other Threads:

=>0x000001ab3745c000 (exited) JavaThread "Unknown thread" [_thread_in_vm, id=11496, stack(0x0000008d3c600000,0x0000008d3c700000)]

VM state:not at safepoint (normal execution)

VM Mutex/Monitor currently owned by a thread: None

heap address: 0x00000000c0800000, size: 1016 MB, Compressed Oops mode: 32-bit
Narrow klass base: 0x0000000000000000, Narrow klass shift: 3
Compressed class space size: 1073741824 Address: 0x0000000100000000

Heap:
 PSYoungGen      total 18944K, used 327K [0x00000000ead80000, 0x00000000ec280000, 0x0000000100000000)
  eden space 16384K, 2% used [0x00000000ead80000,0x00000000eadd1ec8,0x00000000ebd80000)
  from space 2560K, 0% used [0x00000000ec000000,0x00000000ec000000,0x00000000ec280000)
  to   space 2560K, 0% used [0x00000000ebd80000,0x00000000ebd80000,0x00000000ec000000)
 ParOldGen       total 44032K, used 0K [0x00000000c0800000, 0x00000000c3300000, 0x00000000ead80000)
  object space 44032K, 0% used [0x00000000c0800000,0x00000000c0800000,0x00000000c3300000)
 Metaspace       used 754K, capacity 1092K, committed 1152K, reserved 1060864K
  class space    used 76K, capacity 384K, committed 384K, reserved 1048576K

Card table byte_map: [0x000001ab48070000,0x000001ab48270000] byte_map_base: 0x000001ab47a6c000

Marking Bits: (ParMarkBitMap*) 0x00000000541e7fe0
 Begin Bits: [0x000001ab483d0000, 0x000001ab493b0000)
 End Bits:   [0x000001ab493b0000, 0x000001ab4a390000)

Polling page: 0x000001ab373c0000

CodeCache: size=245760Kb used=327Kb max_used=327Kb free=245432Kb
 bounds [0x000001ab38cb0000, 0x000001ab38f20000, 0x000001ab47cb0000]
 total_blobs=56 nmethods=0 adapters=38
 compilation: enabled

Compilation events (0 events):
No events

GC Heap History (0 events):
No events

Deoptimization events (0 events):
No events

Classes redefined (0 events):
No events

Internal exceptions (0 events):
No events

Events (10 events):
Event: 0.053 loading class java/lang/Short
Event: 0.053 loading class java/lang/Short done
Event: 0.053 loading class java/lang/Integer
Event: 0.053 loading class java/lang/Integer done
Event: 0.053 loading class java/lang/Long
Event: 0.054 loading class java/lang/Long done
Event: 0.055 loading class java/lang/NullPointerException
Event: 0.055 loading class java/lang/NullPointerException done
Event: 0.055 loading class java/lang/ArithmeticException
Event: 0.055 loading class java/lang/ArithmeticException done


Dynamic libraries:
0x00007ff778f30000 - 0x00007ff778f77000 	C:\Program Files\Java\jre1.8.0_271\bin\javaw.exe
0x00007ffb27e30000 - 0x00007ffb28028000 	C:\Windows\SYSTEM32\ntdll.dll
0x00007ffb26680000 - 0x00007ffb2673f000 	C:\Windows\System32\KERNEL32.DLL
0x00007ffb25900000 - 0x00007ffb25bf6000 	C:\Windows\System32\KERNELBASE.dll
0x00007ffb26170000 - 0x00007ffb2621f000 	C:\Windows\System32\ADVAPI32.dll
0x00007ffb264b0000 - 0x00007ffb2654e000 	C:\Windows\System32\msvcrt.dll
0x00007ffb26410000 - 0x00007ffb264ac000 	C:\Windows\System32\sechost.dll
0x00007ffb25fb0000 - 0x00007ffb260d6000 	C:\Windows\System32\RPCRT4.dll
0x00007ffb26740000 - 0x00007ffb268dd000 	C:\Windows\System32\USER32.dll
0x00007ffb255b0000 - 0x00007ffb255d2000 	C:\Windows\System32\win32u.dll
0x00007ffb26360000 - 0x00007ffb2638c000 	C:\Windows\System32\GDI32.dll
0x00007ffb256e0000 - 0x00007ffb257f5000 	C:\Windows\System32\gdi32full.dll
0x00007ffb25510000 - 0x00007ffb255ad000 	C:\Windows\System32\msvcp_win.dll
0x00007ffb255e0000 - 0x00007ffb256e0000 	C:\Windows\System32\ucrtbase.dll
0x00007ffb134f0000 - 0x00007ffb1378a000 	C:\Windows\WinSxS\amd64_microsoft.windows.common-controls_6595b64144ccf1df_6.0.19041.1110_none_60b5254171f9507e\COMCTL32.dll
0x00007ffb26140000 - 0x00007ffb26170000 	C:\Windows\System32\IMM32.DLL
0x00007ffb17cd0000 - 0x00007ffb17ce5000 	C:\Program Files\Java\jre1.8.0_271\bin\vcruntime140.dll
0x00007ffafe7c0000 - 0x00007ffafe85b000 	C:\Program Files\Java\jre1.8.0_271\bin\msvcp140.dll
0x00000000539f0000 - 0x000000005425f000 	C:\Program Files\Java\jre1.8.0_271\bin\server\jvm.dll
0x00007ffb27d30000 - 0x00007ffb27d38000 	C:\Windows\System32\PSAPI.DLL
0x00007ffb1f0e0000 - 0x00007ffb1f0e9000 	C:\Windows\SYSTEM32\WSOCK32.dll
0x00007ffb26390000 - 0x00007ffb263fb000 	C:\Windows\System32\WS2_32.dll
0x00007ffb1a0d0000 - 0x00007ffb1a0f7000 	C:\Windows\SYSTEM32\WINMM.dll
0x00007ffb16470000 - 0x00007ffb1647a000 	C:\Windows\SYSTEM32\VERSION.dll
0x00007ffb233e0000 - 0x00007ffb233f2000 	C:\Windows\SYSTEM32\kernel.appcore.dll
0x00007ffb1d320000 - 0x00007ffb1d330000 	C:\Program Files\Java\jre1.8.0_271\bin\verify.dll
0x00007ffb0bb80000 - 0x00007ffb0bbab000 	C:\Program Files\Java\jre1.8.0_271\bin\java.dll
0x00007ffb1d300000 - 0x00007ffb1d318000 	C:\Program Files\Java\jre1.8.0_271\bin\zip.dll
0x00007ffb16b20000 - 0x00007ffb16d04000 	C:\Windows\SYSTEM32\dbghelp.dll
0x00007ffb25c70000 - 0x00007ffb25cf2000 	C:\Windows\System32\bcryptPrimitives.dll

VM Arguments:
jvm_args: -Dfile.encoding=Cp1252 
java_command: employee.management.system.AddEmployee
java_class_path (initial): C:\Users\USER\workspace\Employee management system\bin
Launcher Type: SUN_STANDARD

Environment Variables:
JAVA_HOME=C:\Program Files\Java\jdk1.8.0_271
PATH=C:/Program Files/Java/jre1.8.0_271/bin/server;C:/Program Files/Java/jre1.8.0_271/bin;C:/Program Files/Java/jre1.8.0_271/lib/amd64;C:\Program Files (x86)\Common Files\Oracle\Java\javapath;C:\Windows\system32;C:\Windows;C:\Windows\System32\Wbem;C:\Windows\System32\WindowsPowerShell\v1.0\;C:\Windows\System32\OpenSSH\;C:\Program Files\Java\jdk1.8.0_271\bin;C:\Users\USER\AppData\Local\Microsoft\WindowsApps;;D:\USER ACCOUNT\Downloads\eclipse-java-kepler-SR1-win32-x86_64\eclipse;
USERNAME=USER
OS=Windows_NT
PROCESSOR_IDENTIFIER=Intel64 Family 6 Model 23 Stepping 10, GenuineIntel



---------------  S Y S T E M  ---------------

OS: Windows 10.0 , 64 bit Build 19041 (10.0.19041.3031)

CPU:total 2 (initial active 2) (2 cores per cpu, 1 threads per core) family 6 model 23 stepping 10, cmov, cx8, fxsr, mmx, sse, sse2, sse3, ssse3, tsc

Memory: 4k page, physical 4158580k(768104k free), swap 10615636k(6176k free)

vm_info: Java HotSpot(TM) 64-Bit Server VM (25.271-b09) for windows-amd64 JRE (1.8.0_271-b09), built on Sep 16 2020 19:14:59 by "" with MS VC++ 15.9 (VS2017)

time: Mon Apr  8 07:18:55 2024
timezone: India Standard Time
elapsed time: 0.091073 seconds (0d 0h 0m 0s)

